<?xml version="1.0" encoding="UTF-8"?>
<!-- Generated by org.testng.reporters.JUnitXMLReporter -->
<testsuite ignored="0" hostname="LAPTOP-L8S5DE3P" failures="0" tests="3" name="Default test" time="15.294" errors="0" timestamp="2022-10-06T13:09:30 PDT">
  <testcase classname="class3.parallelTestTester" name="validLogin1" time="1.924"/>
  <testcase classname="class3.parallelTestTester" name="validLogin1" time="1.86"/>
  <testcase classname="class3.parallelTestTester" name="validLogin1" time="1.869"/>
</testsuite> <!-- Default test -->
