<?xml version="1.0" encoding="UTF-8"?>
<testng-results ignored="0" total="3" passed="3" failed="0" skipped="0">
  <reporter-output>
  </reporter-output>
  <suite started-at="2022-10-06T13:09:14 PDT" name="Default suite" finished-at="2022-10-06T13:09:30 PDT" duration-ms="15294">
    <groups>
    </groups>
    <test started-at="2022-10-06T13:09:14 PDT" name="Default test" finished-at="2022-10-06T13:09:30 PDT" duration-ms="15294">
      <class name="class3.parallelTestTester">
        <test-method is-config="true" signature="openBrowser()[pri:0, instance:class3.parallelTestTester@15043a2f]" started-at="2022-10-06T13:09:14 PDT" name="openBrowser" finished-at="2022-10-06T13:09:18 PDT" duration-ms="3750" status="PASS">
          <reporter-output>
          </reporter-output>
        </test-method> <!-- openBrowser -->
        <test-method signature="validLogin1(java.lang.String,java.lang.String)[pri:0, instance:class3.parallelTestTester@15043a2f]" started-at="2022-10-06T13:09:18 PDT" name="validLogin1" data-provider="loginData" finished-at="2022-10-06T13:09:20 PDT" duration-ms="1924" status="PASS">
          <params>
            <param index="0">
              <value>
                <![CDATA[Admin]]>
              </value>
            </param>
            <param index="1">
              <value>
                <![CDATA[Hum@nhrm123]]>
              </value>
            </param>
          </params>
          <reporter-output>
          </reporter-output>
        </test-method> <!-- validLogin1 -->
        <test-method is-config="true" signature="tearDown()[pri:0, instance:class3.parallelTestTester@15043a2f]" started-at="2022-10-06T13:09:20 PDT" name="tearDown" finished-at="2022-10-06T13:09:20 PDT" duration-ms="122" status="PASS">
          <reporter-output>
          </reporter-output>
        </test-method> <!-- tearDown -->
        <test-method is-config="true" signature="openBrowser()[pri:0, instance:class3.parallelTestTester@15043a2f]" started-at="2022-10-06T13:09:20 PDT" name="openBrowser" finished-at="2022-10-06T13:09:23 PDT" duration-ms="2805" status="PASS">
          <reporter-output>
          </reporter-output>
        </test-method> <!-- openBrowser -->
        <test-method signature="validLogin1(java.lang.String,java.lang.String)[pri:0, instance:class3.parallelTestTester@15043a2f]" started-at="2022-10-06T13:09:23 PDT" name="validLogin1" data-provider="loginData" finished-at="2022-10-06T13:09:25 PDT" duration-ms="1860" status="PASS">
          <params>
            <param index="0">
              <value>
                <![CDATA[Admin]]>
              </value>
            </param>
            <param index="1">
              <value>
                <![CDATA[Hum@nhrm123]]>
              </value>
            </param>
          </params>
          <reporter-output>
          </reporter-output>
        </test-method> <!-- validLogin1 -->
        <test-method is-config="true" signature="tearDown()[pri:0, instance:class3.parallelTestTester@15043a2f]" started-at="2022-10-06T13:09:25 PDT" name="tearDown" finished-at="2022-10-06T13:09:25 PDT" duration-ms="118" status="PASS">
          <reporter-output>
          </reporter-output>
        </test-method> <!-- tearDown -->
        <test-method is-config="true" signature="openBrowser()[pri:0, instance:class3.parallelTestTester@15043a2f]" started-at="2022-10-06T13:09:25 PDT" name="openBrowser" finished-at="2022-10-06T13:09:28 PDT" duration-ms="2677" status="PASS">
          <reporter-output>
          </reporter-output>
        </test-method> <!-- openBrowser -->
        <test-method signature="validLogin1(java.lang.String,java.lang.String)[pri:0, instance:class3.parallelTestTester@15043a2f]" started-at="2022-10-06T13:09:28 PDT" name="validLogin1" data-provider="loginData" finished-at="2022-10-06T13:09:29 PDT" duration-ms="1869" status="PASS">
          <params>
            <param index="0">
              <value>
                <![CDATA[Admin]]>
              </value>
            </param>
            <param index="1">
              <value>
                <![CDATA[Hum@nhrm123]]>
              </value>
            </param>
          </params>
          <reporter-output>
          </reporter-output>
        </test-method> <!-- validLogin1 -->
        <test-method is-config="true" signature="tearDown()[pri:0, instance:class3.parallelTestTester@15043a2f]" started-at="2022-10-06T13:09:29 PDT" name="tearDown" finished-at="2022-10-06T13:09:30 PDT" duration-ms="114" status="PASS">
          <reporter-output>
          </reporter-output>
        </test-method> <!-- tearDown -->
      </class> <!-- class3.parallelTestTester -->
    </test> <!-- Default test -->
  </suite> <!-- Default suite -->
</testng-results>
